Mono path[0] = 'S:/SteamLibrary/steamapps/common/Card Survival Fantasy Forest/Card Survival - Fantasy Forest_Data/Managed'
Mono config path = 'S:/SteamLibrary/steamapps/common/Card Survival Fantasy Forest/MonoBleedingEdge/etc'
Initialize engine version: 2019.4.38f1 (fdbb7325fa47)
[Subsystems] Discovering subsystems at path S:/SteamLibrary/steamapps/common/Card Survival Fantasy Forest/Card Survival - Fantasy Forest_Data/UnitySubsystems
GfxDevice: creating device client; threaded=1
Direct3D:
    Version:  Direct3D 11.0 [level 11.1]
    Renderer: NVIDIA GeForce GTX 1080 (ID=0x1b80)
    Vendor:   
    VRAM:     8059 MB
    Driver:   32.0.15.7260
Begin MonoManager ReloadAssembly
- Completed reload, in  0.252 seconds
<RI> Initializing input.
<RI> Input initialized.
<RI> Initialized touch support.
UnloadTime: 1.740000 ms
Data dictionnary successfully loaded. 
(Filename: C:\buildslave\unity\build\Runtime/Export/Debug/Debug.bindings.h Line: 39)

Properly loaded main save data 
(Filename: C:\buildslave\unity\build\Runtime/Export/Debug/Debug.bindings.h Line: 39)

Unloading 4 Unused Serialized files (Serialized files now loaded: 0)
Curl error 35: Handshake did not perform verification. UnityTls error code: 7
 
(Filename:  Line: 867)

UnloadTime: 1.407300 ms
Curl error 35: Handshake did not perform verification. UnityTls error code: 7
 
(Filename:  Line: 867)


Unloading 3 unused Assets to reduce memory usage. Loaded Objects now: 6159.
Total: 590.883100 ms (FindLiveObjects: 0.377200 ms CreateObjectMapping: 0.174300 ms MarkObjects: 590.303700 ms  DeleteObjects: 0.027300 ms)

Unloading 4 Unused Serialized files (Serialized files now loaded: 0)
UnloadTime: 0.243400 ms
Success! 
(Filename: C:\buildslave\unity\build\Runtime/Export/Debug/Debug.bindings.h Line: 39)

Success! 
(Filename: C:\buildslave\unity\build\Runtime/Export/Debug/Debug.bindings.h Line: 39)


Unloading 1 unused Assets to reduce memory usage. Loaded Objects now: 16865.
Total: 621.000700 ms (FindLiveObjects: 1.327900 ms CreateObjectMapping: 0.472700 ms MarkObjects: 619.152400 ms  DeleteObjects: 0.047100 ms)

Curl error 35: Handshake did not perform verification. UnityTls error code: 7
 
(Filename:  Line: 867)

Curl error 35: Handshake did not perform verification. UnityTls error code: 7
 
(Filename:  Line: 867)

Success! 
(Filename: C:\buildslave\unity\build\Runtime/Export/Debug/Debug.bindings.h Line: 39)

Unloading 3 Unused Serialized files (Serialized files now loaded: 0)
UnloadTime: 14.655600 ms

Unloading 973 unused Assets to reduce memory usage. Loaded Objects now: 6588.
Total: 601.674900 ms (FindLiveObjects: 0.490700 ms CreateObjectMapping: 0.226100 ms MarkObjects: 599.988300 ms  DeleteObjects: 0.969300 ms)

Unloading 6 Unused Serialized files (Serialized files now loaded: 0)
UnloadTime: 0.388000 ms
Current Gamemode: CharacterList 
(Filename: C:\buildslave\unity\build\Runtime/Export/Debug/Debug.bindings.h Line: 39)

Current Character:  
(Filename: C:\buildslave\unity\build\Runtime/Export/Debug/Debug.bindings.h Line: 39)


Unloading 1 unused Assets to reduce memory usage. Loaded Objects now: 147559.
Total: 787.917600 ms (FindLiveObjects: 9.594900 ms CreateObjectMapping: 4.517600 ms MarkObjects: 773.455600 ms  DeleteObjects: 0.348900 ms)

Curl error 35: Handshake did not perform verification. UnityTls error code: 7
 
(Filename:  Line: 867)

Curl error 35: Handshake did not perform verification. UnityTls error code: 7
 
(Filename:  Line: 867)

